2020-02-20 21:15:20,149 [PIL.PngImagePlugin] [DEBUG] STREAM b'IHDR' 16 13
2020-02-20 21:15:20,149 [PIL.PngImagePlugin] [DEBUG] STREAM b'sRGB' 41 1
2020-02-20 21:15:20,149 [PIL.PngImagePlugin] [DEBUG] STREAM b'gAMA' 54 4
2020-02-20 21:15:20,149 [PIL.PngImagePlugin] [DEBUG] STREAM b'pHYs' 70 9
2020-02-20 21:15:20,149 [PIL.PngImagePlugin] [DEBUG] STREAM b'IDAT' 91 23347
2020-02-20 21:15:20,213 [PIL.PngImagePlugin] [DEBUG] STREAM b'IHDR' 16 13
2020-02-20 21:15:20,213 [PIL.PngImagePlugin] [DEBUG] STREAM b'IDAT' 41 28201
2020-02-20 21:15:21,147 [matplotlib.font_manager] [DEBUG] findfont: Matching :family=sans-serif:style=normal:variant=normal:weight=normal:stretch=normal:size=10.0.
2020-02-20 21:15:21,148 [matplotlib.font_manager] [DEBUG] findfont: score(<Font 'cmb10' (cmb10.ttf) normal normal 400 normal>) = 10.05
2020-02-20 21:15:21,148 [matplotlib.font_manager] [DEBUG] findfont: score(<Font 'DejaVu Sans' (DejaVuSans-Bold.ttf) normal normal bold normal>) = 0.33499999999999996
2020-02-20 21:15:21,148 [matplotlib.font_manager] [DEBUG] findfont: score(<Font 'cmex10' (cmex10.ttf) normal normal 400 normal>) = 10.05
2020-02-20 21:15:21,148 [matplotlib.font_manager] [DEBUG] findfont: score(<Font 'DejaVu Sans Mono' (DejaVuSansMono-Bold.ttf) normal normal bold normal>) = 10.335
2020-02-20 21:15:21,148 [matplotlib.font_manager] [DEBUG] findfont: score(<Font 'DejaVu Sans Mono' (DejaVuSansMono-Oblique.ttf) oblique normal 400 normal>) = 11.05
2020-02-20 21:15:21,148 [matplotlib.font_manager] [DEBUG] findfont: score(<Font 'cmr10' (cmr10.ttf) normal normal 400 normal>) = 10.05
2020-02-20 21:15:21,148 [matplotlib.font_manager] [DEBUG] findfont: score(<Font 'STIXGeneral' (STIXGeneralBol.ttf) normal normal bold normal>) = 10.335
2020-02-20 21:15:21,149 [matplotlib.font_manager] [DEBUG] findfont: score(<Font 'cmsy10' (cmsy10.ttf) normal normal 400 normal>) = 10.05
2020-02-20 21:15:21,149 [matplotlib.font_manager] [DEBUG] findfont: score(<Font 'STIXSizeTwoSym' (STIXSizTwoSymReg.ttf) normal normal regular normal>) = 10.05
2020-02-20 21:15:21,149 [matplotlib.font_manager] [DEBUG] findfont: score(<Font 'STIXSizeThreeSym' (STIXSizThreeSymReg.ttf) normal normal regular normal>) = 10.05
2020-02-20 21:15:21,149 [matplotlib.font_manager] [DEBUG] findfont: score(<Font 'DejaVu Sans' (DejaVuSans-Oblique.ttf) oblique normal 400 normal>) = 1.05
2020-02-20 21:15:21,149 [matplotlib.font_manager] [DEBUG] findfont: score(<Font 'STIXSizeOneSym' (STIXSizOneSymReg.ttf) normal normal regular normal>) = 10.05
2020-02-20 21:15:21,149 [matplotlib.font_manager] [DEBUG] findfont: score(<Font 'DejaVu Sans Mono' (DejaVuSansMono-BoldOblique.ttf) oblique normal bold normal>) = 11.335
2020-02-20 21:15:21,149 [matplotlib.font_manager] [DEBUG] findfont: score(<Font 'cmmi10' (cmmi10.ttf) normal normal 400 normal>) = 10.05
2020-02-20 21:15:21,149 [matplotlib.font_manager] [DEBUG] findfont: score(<Font 'STIXGeneral' (STIXGeneralBolIta.ttf) italic normal bold normal>) = 11.335
2020-02-20 21:15:21,149 [matplotlib.font_manager] [DEBUG] findfont: score(<Font 'STIXNonUnicode' (STIXNonUniBolIta.ttf) italic normal bold normal>) = 11.335
2020-02-20 21:15:21,149 [matplotlib.font_manager] [DEBUG] findfont: score(<Font 'STIXNonUnicode' (STIXNonUniIta.ttf) italic normal 400 normal>) = 11.05
2020-02-20 21:15:21,149 [matplotlib.font_manager] [DEBUG] findfont: score(<Font 'DejaVu Sans Mono' (DejaVuSansMono.ttf) normal normal 400 normal>) = 10.05
2020-02-20 21:15:21,149 [matplotlib.font_manager] [DEBUG] findfont: score(<Font 'STIXSizeTwoSym' (STIXSizTwoSymBol.ttf) normal normal bold normal>) = 10.335
2020-02-20 21:15:21,149 [matplotlib.font_manager] [DEBUG] findfont: score(<Font 'DejaVu Sans' (DejaVuSans.ttf) normal normal 400 normal>) = 0.05
2020-02-20 21:15:21,149 [matplotlib.font_manager] [DEBUG] findfont: score(<Font 'DejaVu Serif' (DejaVuSerif-BoldItalic.ttf) italic normal bold normal>) = 11.335
2020-02-20 21:15:21,150 [matplotlib.font_manager] [DEBUG] findfont: score(<Font 'cmtt10' (cmtt10.ttf) normal normal 400 normal>) = 10.05
2020-02-20 21:15:21,150 [matplotlib.font_manager] [DEBUG] findfont: score(<Font 'STIXGeneral' (STIXGeneral.ttf) normal normal regular normal>) = 10.05
2020-02-20 21:15:21,150 [matplotlib.font_manager] [DEBUG] findfont: score(<Font 'STIXSizeFourSym' (STIXSizFourSymReg.ttf) normal normal regular normal>) = 10.05
2020-02-20 21:15:21,150 [matplotlib.font_manager] [DEBUG] findfont: score(<Font 'STIXNonUnicode' (STIXNonUni.ttf) normal normal regular normal>) = 10.05
2020-02-20 21:15:21,150 [matplotlib.font_manager] [DEBUG] findfont: score(<Font 'DejaVu Serif' (DejaVuSerif-Bold.ttf) normal normal bold normal>) = 10.335
2020-02-20 21:15:21,150 [matplotlib.font_manager] [DEBUG] findfont: score(<Font 'DejaVu Serif Display' (DejaVuSerifDisplay.ttf) normal normal 400 normal>) = 10.05
2020-02-20 21:15:21,150 [matplotlib.font_manager] [DEBUG] findfont: score(<Font 'STIXSizeFiveSym' (STIXSizFiveSymReg.ttf) normal normal regular normal>) = 10.05
2020-02-20 21:15:21,150 [matplotlib.font_manager] [DEBUG] findfont: score(<Font 'DejaVu Sans Display' (DejaVuSansDisplay.ttf) normal normal 400 normal>) = 10.05
2020-02-20 21:15:21,150 [matplotlib.font_manager] [DEBUG] findfont: score(<Font 'STIXSizeFourSym' (STIXSizFourSymBol.ttf) normal normal bold normal>) = 10.335
2020-02-20 21:15:21,150 [matplotlib.font_manager] [DEBUG] findfont: score(<Font 'cmss10' (cmss10.ttf) normal normal 400 normal>) = 10.05
2020-02-20 21:15:21,150 [matplotlib.font_manager] [DEBUG] findfont: score(<Font 'STIXSizeThreeSym' (STIXSizThreeSymBol.ttf) normal normal bold normal>) = 10.335
2020-02-20 21:15:21,150 [matplotlib.font_manager] [DEBUG] findfont: score(<Font 'DejaVu Sans' (DejaVuSans-BoldOblique.ttf) oblique normal bold normal>) = 1.335
2020-02-20 21:15:21,150 [matplotlib.font_manager] [DEBUG] findfont: score(<Font 'STIXNonUnicode' (STIXNonUniBol.ttf) normal normal bold normal>) = 10.335
2020-02-20 21:15:21,151 [matplotlib.font_manager] [DEBUG] findfont: score(<Font 'DejaVu Serif' (DejaVuSerif-Italic.ttf) italic normal 400 normal>) = 11.05
2020-02-20 21:15:21,151 [matplotlib.font_manager] [DEBUG] findfont: score(<Font 'STIXGeneral' (STIXGeneralItalic.ttf) italic normal 400 normal>) = 11.05
2020-02-20 21:15:21,151 [matplotlib.font_manager] [DEBUG] findfont: score(<Font 'STIXSizeOneSym' (STIXSizOneSymBol.ttf) normal normal bold normal>) = 10.335
2020-02-20 21:15:21,151 [matplotlib.font_manager] [DEBUG] findfont: score(<Font 'DejaVu Serif' (DejaVuSerif.ttf) normal normal 400 normal>) = 10.05
2020-02-20 21:15:21,151 [matplotlib.font_manager] [DEBUG] findfont: score(<Font 'Asana Math' (Asana-Math.otf) normal normal 400 normal>) = 10.05
2020-02-20 21:15:21,151 [matplotlib.font_manager] [DEBUG] findfont: score(<Font 'DejaVu Serif' (DejaVuSerifCondensed.ttf) normal normal 400 condensed>) = 10.25
2020-02-20 21:15:21,151 [matplotlib.font_manager] [DEBUG] findfont: score(<Font 'Gillius ADF No2 Cd' (GilliusADFNo2Cd-BoldItalic.otf) italic normal bold normal>) = 11.335
2020-02-20 21:15:21,151 [matplotlib.font_manager] [DEBUG] findfont: score(<Font 'OpenSymbol' (opens___.ttf) normal normal 400 normal>) = 10.05
2020-02-20 21:15:21,151 [matplotlib.font_manager] [DEBUG] findfont: score(<Font 'EB Garamond Initials' (EBGaramond-Initials.ttf) normal normal 400 normal>) = 10.05
2020-02-20 21:15:21,151 [matplotlib.font_manager] [DEBUG] findfont: score(<Font 'Liberation Sans Narrow' (LiberationSansNarrow-Regular.ttf) normal normal 400 condensed>) = 10.25
2020-02-20 21:15:21,151 [matplotlib.font_manager] [DEBUG] findfont: score(<Font 'Lato' (Lato-Italic.ttf) italic normal 400 normal>) = 11.05
2020-02-20 21:15:21,151 [matplotlib.font_manager] [DEBUG] findfont: score(<Font 'STIXSizeFourSym' (STIXSizeFourSym-Bold.otf) normal normal bold normal>) = 10.335
2020-02-20 21:15:21,151 [matplotlib.font_manager] [DEBUG] findfont: score(<Font 'Droid Arabic Kufi' (DroidKufi-Bold.ttf) normal normal bold normal>) = 10.335
2020-02-20 21:15:21,151 [matplotlib.font_manager] [DEBUG] findfont: score(<Font 'Gentium' (GenI102.ttf) italic normal 400 normal>) = 11.05
2020-02-20 21:15:21,151 [matplotlib.font_manager] [DEBUG] findfont: score(<Font 'Liberation Serif' (LiberationSerif-BoldItalic.ttf) italic normal bold normal>) = 11.335
2020-02-20 21:15:21,152 [matplotlib.font_manager] [DEBUG] findfont: score(<Font 'Gillius ADF No2' (GilliusADFNo2-Italic.otf) italic normal 400 normal>) = 11.05
2020-02-20 21:15:21,152 [matplotlib.font_manager] [DEBUG] findfont: score(<Font 'Gillius ADF' (GilliusADF-Bold.otf) normal normal bold normal>) = 10.335
2020-02-20 21:15:21,152 [matplotlib.font_manager] [DEBUG] findfont: score(<Font 'STIXGeneral' (STIXGeneral-Bold.otf) normal normal bold normal>) = 10.335
2020-02-20 21:15:21,152 [matplotlib.font_manager] [DEBUG] findfont: score(<Font 'Liberation Serif' (LiberationSerif-Italic.ttf) italic normal 400 normal>) = 11.05
2020-02-20 21:15:21,152 [matplotlib.font_manager] [DEBUG] findfont: score(<Font 'Lato' (Lato-Thin.ttf) normal normal 400 normal>) = 10.05
2020-02-20 21:15:21,152 [matplotlib.font_manager] [DEBUG] findfont: score(<Font 'Accanthis ADF Std No3' (AccanthisADFStdNo3-BoldItalic.otf) italic normal bold normal>) = 11.335
2020-02-20 21:15:21,152 [matplotlib.font_manager] [DEBUG] findfont: score(<Font 'Accanthis ADF Std' (AccanthisADFStd-Bold.otf) normal normal bold normal>) = 10.335
2020-02-20 21:15:21,152 [matplotlib.font_manager] [DEBUG] findfont: score(<Font 'Gentium' (GenR102.ttf) normal normal 400 normal>) = 10.05
2020-02-20 21:15:21,152 [matplotlib.font_manager] [DEBUG] findfont: score(<Font 'GFS Didot' (GFSDidotBold.otf) normal normal bold normal>) = 10.335
2020-02-20 21:15:21,152 [matplotlib.font_manager] [DEBUG] findfont: score(<Font 'IPAexMincho' (fonts-japanese-mincho.ttf) normal normal 400 normal>) = 10.05
2020-02-20 21:15:21,152 [matplotlib.font_manager] [DEBUG] findfont: score(<Font 'GFS Neohellenic' (GFSNeohellenicBold.otf) normal normal bold normal>) = 10.335
2020-02-20 21:15:21,152 [matplotlib.font_manager] [DEBUG] findfont: score(<Font 'Gillius ADF No2 Cd' (GilliusADFNo2Cd-Regular.otf) normal normal regular normal>) = 10.05
2020-02-20 21:15:21,152 [matplotlib.font_manager] [DEBUG] findfont: score(<Font 'DejaVu Sans' (DejaVuSansCondensed.ttf) normal normal 400 condensed>) = 0.25
2020-02-20 21:15:21,152 [matplotlib.font_manager] [DEBUG] findfont: score(<Font 'GFS Artemisia' (GFSArtemisiaBold.otf) normal normal bold normal>) = 10.335
2020-02-20 21:15:21,152 [matplotlib.font_manager] [DEBUG] findfont: score(<Font 'GFS Porson' (GFSPorson.otf) normal normal 400 normal>) = 10.05
2020-02-20 21:15:21,153 [matplotlib.font_manager] [DEBUG] findfont: score(<Font 'IPAexMincho' (ipaexm.ttf) normal normal 400 normal>) = 10.05
2020-02-20 21:15:21,153 [matplotlib.font_manager] [DEBUG] findfont: score(<Font 'IPAPMincho' (ipamp.ttf) normal normal 400 normal>) = 10.05
2020-02-20 21:15:21,153 [matplotlib.font_manager] [DEBUG] findfont: score(<Font 'Gillius ADF' (GilliusADF-BoldItalic.otf) italic normal bold normal>) = 11.335
2020-02-20 21:15:21,153 [matplotlib.font_manager] [DEBUG] findfont: score(<Font 'STIXIntegralsUp' (STIXIntegralsUp-Bold.otf) normal normal bold normal>) = 10.335
2020-02-20 21:15:21,153 [matplotlib.font_manager] [DEBUG] findfont: score(<Font 'GFS Neohellenic' (GFSNeohellenic.otf) normal normal regular normal>) = 10.05
2020-02-20 21:15:21,153 [matplotlib.font_manager] [DEBUG] findfont: score(<Font 'EB Garamond' (EBGaramond08-Regular.otf) normal normal regular normal>) = 10.05
2020-02-20 21:15:21,153 [matplotlib.font_manager] [DEBUG] findfont: score(<Font 'Accanthis ADF Std' (AccanthisADFStd-BoldItalic.otf) italic normal bold normal>) = 11.335
2020-02-20 21:15:21,153 [matplotlib.font_manager] [DEBUG] findfont: score(<Font 'Linux Libertine O' (LinLibertine_RZI.otf) italic normal semibold normal>) = 11.24
2020-02-20 21:15:21,153 [matplotlib.font_manager] [DEBUG] findfont: score(<Font 'Droid Arabic Naskh' (DroidNaskh-Regular.ttf) normal normal 400 normal>) = 10.05
2020-02-20 21:15:21,153 [matplotlib.font_manager] [DEBUG] findfont: score(<Font 'STIXSizeFourSym' (STIXSizeFourSym-Regular.otf) normal normal regular normal>) = 10.05
2020-02-20 21:15:21,153 [matplotlib.font_manager] [DEBUG] findfont: score(<Font 'IPAexGothic' (fonts-japanese-gothic.ttf) normal normal 400 normal>) = 10.05
2020-02-20 21:15:21,153 [matplotlib.font_manager] [DEBUG] findfont: score(<Font 'Droid Serif' (DroidSerif-Bold.ttf) normal normal bold normal>) = 10.335
2020-02-20 21:15:21,153 [matplotlib.font_manager] [DEBUG] findfont: score(<Font 'GFS Neohellenic' (GFSNeohellenicBoldIt.otf) italic normal bold normal>) = 11.335
2020-02-20 21:15:21,153 [matplotlib.font_manager] [DEBUG] findfont: score(<Font 'IPAMincho' (ipam.ttf) normal normal 400 normal>) = 10.05
2020-02-20 21:15:21,154 [matplotlib.font_manager] [DEBUG] findfont: score(<Font 'Droid Sans Ethiopic' (DroidSansEthiopic-Regular.ttf) normal normal 400 normal>) = 10.05
2020-02-20 21:15:21,154 [matplotlib.font_manager] [DEBUG] findfont: score(<Font 'FreeSans' (FreeSansBoldOblique.otf) oblique normal bold normal>) = 11.335
2020-02-20 21:15:21,154 [matplotlib.font_manager] [DEBUG] findfont: score(<Font 'Accanthis ADF Std No3' (AccanthisADFStdNo3-Bold.otf) normal normal bold normal>) = 10.335
2020-02-20 21:15:21,154 [matplotlib.font_manager] [DEBUG] findfont: score(<Font 'Cabin' (Cabin-SemiBold.otf) normal normal semibold normal>) = 10.24
2020-02-20 21:15:21,154 [matplotlib.font_manager] [DEBUG] findfont: score(<Font 'Linux Libertine Initials O' (LinLibertine_I.otf) normal normal 400 normal>) = 10.05
2020-02-20 21:15:21,154 [matplotlib.font_manager] [DEBUG] findfont: score(<Font 'Linux Biolinum O' (LinBiolinum_RB.otf) normal normal bold normal>) = 10.335
2020-02-20 21:15:21,154 [matplotlib.font_manager] [DEBUG] findfont: score(<Font 'GFS Didot' (GFSDidotItalic.otf) italic normal 400 normal>) = 11.05
2020-02-20 21:15:21,154 [matplotlib.font_manager] [DEBUG] findfont: score(<Font 'STIXGeneral' (STIXGeneral-BoldItalic.otf) italic normal bold normal>) = 11.335
2020-02-20 21:15:21,154 [matplotlib.font_manager] [DEBUG] findfont: score(<Font 'FreeSerif' (FreeSerifItalic.ttf) italic normal 400 normal>) = 11.05
2020-02-20 21:15:21,154 [matplotlib.font_manager] [DEBUG] findfont: score(<Font 'STIX' (STIX-Bold.otf) normal normal bold normal>) = 10.335
2020-02-20 21:15:21,154 [matplotlib.font_manager] [DEBUG] findfont: score(<Font 'Lato' (Lato-HeavyItalic.ttf) italic normal heavy normal>) = 11.43
2020-02-20 21:15:21,154 [matplotlib.font_manager] [DEBUG] findfont: score(<Font 'Gentium Basic' (GenBasBI.ttf) italic normal bold normal>) = 11.335
2020-02-20 21:15:21,154 [matplotlib.font_manager] [DEBUG] findfont: score(<Font 'Linux Libertine Display O' (LinLibertine_DR.otf) normal normal 400 normal>) = 10.05
2020-02-20 21:15:21,154 [matplotlib.font_manager] [DEBUG] findfont: score(<Font 'FreeSerif' (FreeSerifBold.otf) normal normal bold normal>) = 10.335
2020-02-20 21:15:21,154 [matplotlib.font_manager] [DEBUG] findfont: score(<Font 'Lobster Two' (lobster.otf) italic normal bold normal>) = 11.335
2020-02-20 21:15:21,155 [matplotlib.font_manager] [DEBUG] findfont: score(<Font 'STIXVariants' (STIXVariants-Regular.otf) normal normal regular normal>) = 10.05
2020-02-20 21:15:21,155 [matplotlib.font_manager] [DEBUG] findfont: score(<Font 'GFS Didot' (GFSDidot.otf) normal normal regular normal>) = 10.05
2020-02-20 21:15:21,155 [matplotlib.font_manager] [DEBUG] findfont: score(<Font 'Inconsolata' (Inconsolata.otf) normal normal 400 normal>) = 10.05
2020-02-20 21:15:21,155 [matplotlib.font_manager] [DEBUG] findfont: score(<Font 'Liberation Serif' (LiberationSerif-Bold.ttf) normal normal bold normal>) = 10.335
2020-02-20 21:15:21,155 [matplotlib.font_manager] [DEBUG] findfont: score(<Font 'STIXIntegralsUp' (STIXIntegralsUp-Regular.otf) normal normal regular normal>) = 10.05
2020-02-20 21:15:21,155 [matplotlib.font_manager] [DEBUG] findfont: score(<Font 'STIXIntegralsSm' (STIXIntegralsSm-Bold.otf) normal normal bold normal>) = 10.335
2020-02-20 21:15:21,155 [matplotlib.font_manager] [DEBUG] findfont: score(<Font 'Lobster Two' (LobsterTwo-Bold.otf) normal normal bold normal>) = 10.335
2020-02-20 21:15:21,155 [matplotlib.font_manager] [DEBUG] findfont: score(<Font 'GFS Baskerville' (GFSBaskerville.otf) normal normal regular normal>) = 10.05
2020-02-20 21:15:21,155 [matplotlib.font_manager] [DEBUG] findfont: score(<Font 'Liberation Sans' (LiberationSans-Regular.ttf) normal normal 400 normal>) = 10.05
2020-02-20 21:15:21,155 [matplotlib.font_manager] [DEBUG] findfont: score(<Font 'FreeSerif' (FreeSerifItalic.otf) italic normal 400 normal>) = 11.05
2020-02-20 21:15:21,155 [matplotlib.font_manager] [DEBUG] findfont: score(<Font 'Droid Serif' (DroidSerif-Regular.ttf) normal normal 400 normal>) = 10.05
2020-02-20 21:15:21,155 [matplotlib.font_manager] [DEBUG] findfont: score(<Font 'DejaVu Sans' (DejaVuSans-ExtraLight.ttf) normal normal light normal>) = 0.24
2020-02-20 21:15:21,155 [matplotlib.font_manager] [DEBUG] findfont: score(<Font 'Junicode' (Junicode-Bold.ttf) normal normal bold normal>) = 10.335
2020-02-20 21:15:21,155 [matplotlib.font_manager] [DEBUG] findfont: score(<Font 'Droid Naskh Shift Alt' (DroidNaskhUI-Regular.ttf) normal normal 400 normal>) = 10.05
2020-02-20 21:15:21,155 [matplotlib.font_manager] [DEBUG] findfont: score(<Font 'FreeMono' (FreeMono.otf) normal normal 400 normal>) = 10.05
2020-02-20 21:15:21,156 [matplotlib.font_manager] [DEBUG] findfont: score(<Font 'Linux Libertine O' (LinLibertine_RBI.otf) italic normal bold normal>) = 11.335
2020-02-20 21:15:21,156 [matplotlib.font_manager] [DEBUG] findfont: score(<Font 'Linux Biolinum O' (LinBiolinum_RI.otf) italic normal 400 normal>) = 11.05
2020-02-20 21:15:21,156 [matplotlib.font_manager] [DEBUG] findfont: score(<Font 'Droid Arabic Naskh' (DroidNaskh-Bold.ttf) normal normal bold normal>) = 10.335
2020-02-20 21:15:21,156 [matplotlib.font_manager] [DEBUG] findfont: score(<Font 'Droid Sans' (DroidSans.ttf) normal normal 400 normal>) = 10.05
2020-02-20 21:15:21,156 [matplotlib.font_manager] [DEBUG] findfont: score(<Font 'EB Garamond' (EBGaramond08-SC.ttf) normal normal regular normal>) = 10.05
2020-02-20 21:15:21,156 [matplotlib.font_manager] [DEBUG] findfont: score(<Font 'Lato' (Lato-HairlineItalic.ttf) italic normal 400 normal>) = 11.05
2020-02-20 21:15:21,156 [matplotlib.font_manager] [DEBUG] findfont: score(<Font 'STIXSizeTwoSym' (STIXSizeTwoSym-Regular.otf) normal normal regular normal>) = 10.05
2020-02-20 21:15:21,156 [matplotlib.font_manager] [DEBUG] findfont: score(<Font 'Lato' (Lato-Black.ttf) normal normal black normal>) = 10.525
2020-02-20 21:15:21,156 [matplotlib.font_manager] [DEBUG] findfont: score(<Font 'STIXIntegralsUpSm' (STIXIntegralsUpSm-Regular.otf) normal normal regular normal>) = 10.05
2020-02-20 21:15:21,156 [matplotlib.font_manager] [DEBUG] findfont: score(<Font 'FreeMono' (FreeMonoOblique.ttf) oblique normal 400 normal>) = 11.05
2020-02-20 21:15:21,156 [matplotlib.font_manager] [DEBUG] findfont: score(<Font 'Caladea' (Caladea-Bold.ttf) normal normal bold normal>) = 10.335
2020-02-20 21:15:21,156 [matplotlib.font_manager] [DEBUG] findfont: score(<Font 'Cabin' (Cabin-SemiBoldItalic.otf) italic normal semibold normal>) = 11.24
2020-02-20 21:15:21,156 [matplotlib.font_manager] [DEBUG] findfont: score(<Font 'Liberation Mono' (LiberationMono-BoldItalic.ttf) italic normal bold normal>) = 11.335
2020-02-20 21:15:21,156 [matplotlib.font_manager] [DEBUG] findfont: score(<Font 'GFS Didot' (GFSDidotBoldItalic.otf) italic normal bold normal>) = 11.335
2020-02-20 21:15:21,156 [matplotlib.font_manager] [DEBUG] findfont: score(<Font 'Linux Libertine O' (LinLibertine_R.otf) normal normal 400 normal>) = 10.05
2020-02-20 21:15:21,157 [matplotlib.font_manager] [DEBUG] findfont: score(<Font 'Junicode' (Junicode-BoldItalic.ttf) italic normal bold normal>) = 11.335
2020-02-20 21:15:21,157 [matplotlib.font_manager] [DEBUG] findfont: score(<Font 'Lato' (Lato-SemiboldItalic.ttf) italic normal semibold normal>) = 11.24
2020-02-20 21:15:21,157 [matplotlib.font_manager] [DEBUG] findfont: score(<Font 'Liberation Mono' (LiberationMono-Italic.ttf) italic normal 400 normal>) = 11.05
2020-02-20 21:15:21,157 [matplotlib.font_manager] [DEBUG] findfont: score(<Font 'GFS Complutum' (GFSPolyglot.otf) normal normal regular normal>) = 10.05
2020-02-20 21:15:21,157 [matplotlib.font_manager] [DEBUG] findfont: score(<Font 'Liberation Serif' (LiberationSerif-Regular.ttf) normal normal 400 normal>) = 10.05
2020-02-20 21:15:21,157 [matplotlib.font_manager] [DEBUG] findfont: score(<Font 'Lato' (Lato-MediumItalic.ttf) italic normal medium normal>) = 11.145
2020-02-20 21:15:21,157 [matplotlib.font_manager] [DEBUG] findfont: score(<Font 'Lato' (Lato-Light.ttf) normal normal light normal>) = 10.24
2020-02-20 21:15:21,157 [matplotlib.font_manager] [DEBUG] findfont: score(<Font 'Droid Sans Hebrew' (DroidSansHebrew-Regular.ttf) normal normal 400 normal>) = 10.05
2020-02-20 21:15:21,157 [matplotlib.font_manager] [DEBUG] findfont: score(<Font 'Cabin' (Cabin-MediumItalic.otf) italic normal medium normal>) = 11.145
2020-02-20 21:15:21,157 [matplotlib.font_manager] [DEBUG] findfont: score(<Font 'Cabin' (Cabin-Regular.otf) normal normal regular normal>) = 10.05
2020-02-20 21:15:21,157 [matplotlib.font_manager] [DEBUG] findfont: score(<Font 'STIXSizeFiveSym' (STIXSizeFiveSym-Regular.otf) normal normal regular normal>) = 10.05
2020-02-20 21:15:21,157 [matplotlib.font_manager] [DEBUG] findfont: score(<Font 'FreeMono' (FreeMonoBoldOblique.ttf) oblique normal bold normal>) = 11.335
2020-02-20 21:15:21,157 [matplotlib.font_manager] [DEBUG] findfont: score(<Font 'GFS Artemisia' (GFSArtemisia.otf) normal normal regular normal>) = 10.05
2020-02-20 21:15:21,157 [matplotlib.font_manager] [DEBUG] findfont: score(<Font 'FreeSans' (FreeSansBoldOblique.ttf) oblique normal bold normal>) = 11.335
2020-02-20 21:15:21,157 [matplotlib.font_manager] [DEBUG] findfont: score(<Font 'STIXSizeTwoSym' (STIXSizeTwoSym-Bold.otf) normal normal bold normal>) = 10.335
2020-02-20 21:15:21,157 [matplotlib.font_manager] [DEBUG] findfont: score(<Font 'Universalis ADF Cd Std' (UniversalisADFCdStd-Regular.otf) normal normal 400 normal>) = 10.05
2020-02-20 21:15:21,158 [matplotlib.font_manager] [DEBUG] findfont: score(<Font 'Gentium Basic' (GenBasR.ttf) normal normal 400 normal>) = 10.05
2020-02-20 21:15:21,158 [matplotlib.font_manager] [DEBUG] findfont: score(<Font 'Gillius ADF No2 Cd' (GilliusADFNo2Cd-Bold.otf) normal normal bold normal>) = 10.335
2020-02-20 21:15:21,158 [matplotlib.font_manager] [DEBUG] findfont: score(<Font 'FreeMono' (FreeMonoBoldOblique.otf) oblique normal bold normal>) = 11.335
2020-02-20 21:15:21,158 [matplotlib.font_manager] [DEBUG] findfont: score(<Font 'STIXSizeOneSym' (STIXSizeOneSym-Bold.otf) normal normal bold normal>) = 10.335
2020-02-20 21:15:21,158 [matplotlib.font_manager] [DEBUG] findfont: score(<Font 'Universalis ADF Cd Std' (UniversalisADFCdStd-Oblique.otf) oblique normal 400 normal>) = 11.05
2020-02-20 21:15:21,158 [matplotlib.font_manager] [DEBUG] findfont: score(<Font 'Linux Libertine Mono O' (LinLibertine_M.otf) normal normal 400 normal>) = 10.05
2020-02-20 21:15:21,158 [matplotlib.font_manager] [DEBUG] findfont: score(<Font 'Amiri' (amiri-regular.ttf) normal normal 400 normal>) = 10.05
2020-02-20 21:15:21,158 [matplotlib.font_manager] [DEBUG] findfont: score(<Font 'GFS BodoniClassic' (GFSBodoniClassic.otf) normal normal 400 normal>) = 10.05
2020-02-20 21:15:21,158 [matplotlib.font_manager] [DEBUG] findfont: score(<Font 'IPAPGothic' (ipagp.ttf) normal normal 400 normal>) = 10.05
2020-02-20 21:15:21,158 [matplotlib.font_manager] [DEBUG] findfont: score(<Font 'Droid Sans Mono' (DroidSansMono.ttf) normal normal 400 normal>) = 10.05
2020-02-20 21:15:21,159 [matplotlib.font_manager] [DEBUG] findfont: score(<Font 'Comfortaa' (Comfortaa-Light.ttf) normal normal light normal>) = 10.24
2020-02-20 21:15:21,159 [matplotlib.font_manager] [DEBUG] findfont: score(<Font 'STIXSizeOneSym' (STIXSizeOneSym-Regular.otf) normal normal regular normal>) = 10.05
2020-02-20 21:15:21,159 [matplotlib.font_manager] [DEBUG] findfont: score(<Font 'STIXIntegralsUpD' (STIXIntegralsUpD-Bold.otf) normal normal bold normal>) = 10.335
2020-02-20 21:15:21,159 [matplotlib.font_manager] [DEBUG] findfont: score(<Font 'DejaVu Sans' (DejaVuSansCondensed-Bold.ttf) normal normal bold condensed>) = 0.5349999999999999
2020-02-20 21:15:21,159 [matplotlib.font_manager] [DEBUG] findfont: score(<Font 'Gillius ADF No2' (GilliusADFNo2-Regular.otf) normal normal regular normal>) = 10.05
2020-02-20 21:15:21,159 [matplotlib.font_manager] [DEBUG] findfont: score(<Font 'EB Garamond' (EBGaramond12-Regular.otf) normal normal regular normal>) = 10.05
2020-02-20 21:15:21,159 [matplotlib.font_manager] [DEBUG] findfont: score(<Font 'DejaVu Serif' (DejaVuSerifCondensed-Bold.ttf) normal normal bold condensed>) = 10.535
2020-02-20 21:15:21,160 [matplotlib.font_manager] [DEBUG] findfont: score(<Font 'Lato' (Lato-ThinItalic.ttf) italic normal 400 normal>) = 11.05
2020-02-20 21:15:21,160 [matplotlib.font_manager] [DEBUG] findfont: score(<Font 'Gillius ADF No2' (GilliusADFNo2-BoldItalic.otf) italic normal bold normal>) = 11.335
2020-02-20 21:15:21,160 [matplotlib.font_manager] [DEBUG] findfont: score(<Font 'Amiri' (amiri-bold.ttf) normal normal bold normal>) = 10.335
2020-02-20 21:15:21,160 [matplotlib.font_manager] [DEBUG] findfont: score(<Font 'Droid Sans' (DroidSans-Bold.ttf) normal normal bold normal>) = 10.335
2020-02-20 21:15:21,160 [matplotlib.font_manager] [DEBUG] findfont: score(<Font 'Lato' (Lato-Regular.ttf) normal normal regular normal>) = 10.05
2020-02-20 21:15:21,160 [matplotlib.font_manager] [DEBUG] findfont: score(<Font 'Caladea' (Caladea-BoldItalic.ttf) italic normal bold normal>) = 11.335
2020-02-20 21:15:21,160 [matplotlib.font_manager] [DEBUG] findfont: score(<Font 'DejaVu Sans' (DejaVuSansCondensed-Oblique.ttf) oblique normal 400 condensed>) = 1.25
2020-02-20 21:15:21,160 [matplotlib.font_manager] [DEBUG] findfont: score(<Font 'Gentium Book Basic' (GenBkBasR.ttf) normal normal book normal>) = 10.05
2020-02-20 21:15:21,161 [matplotlib.font_manager] [DEBUG] findfont: score(<Font 'EB Garamond Initials Fill2' (EBGaramond-InitialsF2.ttf) normal normal 400 normal>) = 10.05
2020-02-20 21:15:21,161 [matplotlib.font_manager] [DEBUG] findfont: score(<Font 'Universalis ADF Std' (UniversalisADFStd-BoldOblique.otf) oblique normal bold normal>) = 11.335
2020-02-20 21:15:21,161 [matplotlib.font_manager] [DEBUG] findfont: score(<Font 'Junicode' (Junicode-Italic.ttf) italic normal 400 normal>) = 11.05
2020-02-20 21:15:21,161 [matplotlib.font_manager] [DEBUG] findfont: score(<Font 'Linux Biolinum Keyboard O' (LinBiolinum_K.otf) normal normal 400 normal>) = 10.05
2020-02-20 21:15:21,161 [matplotlib.font_manager] [DEBUG] findfont: score(<Font 'Linux Libertine O' (LinLibertine_RZ.otf) normal normal semibold normal>) = 10.24
2020-02-20 21:15:21,161 [matplotlib.font_manager] [DEBUG] findfont: score(<Font 'Amiri Quran' (amiri-quran.ttf) normal normal 400 normal>) = 10.05
2020-02-20 21:15:21,161 [matplotlib.font_manager] [DEBUG] findfont: score(<Font 'STIXNonUnicode' (STIXNonUnicode-Regular.otf) normal normal regular normal>) = 10.05
2020-02-20 21:15:21,161 [matplotlib.font_manager] [DEBUG] findfont: score(<Font 'Comfortaa' (Comfortaa-Regular.ttf) normal normal 400 normal>) = 10.05
2020-02-20 21:15:21,161 [matplotlib.font_manager] [DEBUG] findfont: score(<Font 'DejaVu Serif' (DejaVuSerifCondensed-Italic.ttf) italic normal 400 condensed>) = 11.25
2020-02-20 21:15:21,162 [matplotlib.font_manager] [DEBUG] findfont: score(<Font 'Liberation Sans Narrow' (LiberationSansNarrow-Bold.ttf) normal normal bold condensed>) = 10.535
2020-02-20 21:15:21,162 [matplotlib.font_manager] [DEBUG] findfont: score(<Font 'STIXVariants' (STIXVariants-Bold.otf) normal normal bold normal>) = 10.335
2020-02-20 21:15:21,162 [matplotlib.font_manager] [DEBUG] findfont: score(<Font 'FreeSerif' (FreeSerif.otf) normal normal 400 normal>) = 10.05
2020-02-20 21:15:21,162 [matplotlib.font_manager] [DEBUG] findfont: score(<Font 'Cabin' (Cabin-Bold.otf) normal normal bold normal>) = 10.335
2020-02-20 21:15:21,162 [matplotlib.font_manager] [DEBUG] findfont: score(<Font 'Cantarell' (Cantarell-Bold.otf) normal normal bold normal>) = 10.335
2020-02-20 21:15:21,162 [matplotlib.font_manager] [DEBUG] findfont: score(<Font 'Caladea' (Caladea-Italic.ttf) italic normal 400 normal>) = 11.05
2020-02-20 21:15:21,162 [matplotlib.font_manager] [DEBUG] findfont: score(<Font 'Lato' (Lato-Semibold.ttf) normal normal semibold normal>) = 10.24
2020-02-20 21:15:21,162 [matplotlib.font_manager] [DEBUG] findfont: score(<Font 'EB Garamond Initials Fill1' (EBGaramond-InitialsF1.ttf) normal normal 400 normal>) = 10.05
2020-02-20 21:15:21,162 [matplotlib.font_manager] [DEBUG] findfont: score(<Font 'STIXGeneral' (STIXGeneral-Italic.otf) italic normal 400 normal>) = 11.05
2020-02-20 21:15:21,162 [matplotlib.font_manager] [DEBUG] findfont: score(<Font 'Universalis ADF Std' (UniversalisADFStd-Bold.otf) normal normal bold normal>) = 10.335
2020-02-20 21:15:21,162 [matplotlib.font_manager] [DEBUG] findfont: score(<Font 'Droid Sans Armenian' (DroidSansArmenian.ttf) normal normal 400 normal>) = 10.05
2020-02-20 21:15:21,162 [matplotlib.font_manager] [DEBUG] findfont: score(<Font 'Lato' (Lato-BoldItalic.ttf) italic normal bold normal>) = 11.335
2020-02-20 21:15:21,162 [matplotlib.font_manager] [DEBUG] findfont: score(<Font 'STIXIntegralsD' (STIXIntegralsD-Bold.otf) normal normal bold normal>) = 10.335
2020-02-20 21:15:21,162 [matplotlib.font_manager] [DEBUG] findfont: score(<Font 'GentiumAlt' (GenAR102.ttf) normal normal 400 normal>) = 10.05
2020-02-20 21:15:21,162 [matplotlib.font_manager] [DEBUG] findfont: score(<Font 'Cabin' (Cabin-Medium.otf) normal normal medium normal>) = 10.145
2020-02-20 21:15:21,163 [matplotlib.font_manager] [DEBUG] findfont: score(<Font 'Cabin' (Cabin-Italic.otf) italic normal 400 normal>) = 11.05
2020-02-20 21:15:21,163 [matplotlib.font_manager] [DEBUG] findfont: score(<Font 'Linux Libertine O' (LinLibertine_RI.otf) italic normal 400 normal>) = 11.05
2020-02-20 21:15:21,163 [matplotlib.font_manager] [DEBUG] findfont: score(<Font 'Liberation Mono' (LiberationMono-Bold.ttf) normal normal bold normal>) = 10.335
2020-02-20 21:15:21,163 [matplotlib.font_manager] [DEBUG] findfont: score(<Font 'Lato' (Lato-Hairline.ttf) normal normal 400 normal>) = 10.05
2020-02-20 21:15:21,163 [matplotlib.font_manager] [DEBUG] findfont: score(<Font 'Accanthis ADF Std No2' (AccanthisADFStdNo2-Italic.otf) italic normal 400 normal>) = 11.05
2020-02-20 21:15:21,163 [matplotlib.font_manager] [DEBUG] findfont: score(<Font 'Amiri' (amiri-boldslanted.ttf) italic normal bold normal>) = 11.335
2020-02-20 21:15:21,163 [matplotlib.font_manager] [DEBUG] findfont: score(<Font 'Droid Serif' (DroidSerif-Italic.ttf) italic normal 400 normal>) = 11.05
2020-02-20 21:15:21,163 [matplotlib.font_manager] [DEBUG] findfont: score(<Font 'Lato' (Lato-BlackItalic.ttf) italic normal black normal>) = 11.525
2020-02-20 21:15:21,163 [matplotlib.font_manager] [DEBUG] findfont: score(<Font 'Cantarell' (Cantarell-Regular.otf) normal normal regular normal>) = 10.05
2020-02-20 21:15:21,163 [matplotlib.font_manager] [DEBUG] findfont: score(<Font 'Liberation Sans Narrow' (LiberationSansNarrow-Italic.ttf) italic normal 400 condensed>) = 11.25
2020-02-20 21:15:21,163 [matplotlib.font_manager] [DEBUG] findfont: score(<Font 'STIXIntegralsD' (STIXIntegralsD-Regular.otf) normal normal regular normal>) = 10.05
2020-02-20 21:15:21,163 [matplotlib.font_manager] [DEBUG] findfont: score(<Font 'FreeSerif' (FreeSerif.ttf) normal normal 400 normal>) = 10.05
2020-02-20 21:15:21,163 [matplotlib.font_manager] [DEBUG] findfont: score(<Font 'FontAwesome' (FontAwesome.otf) normal normal 400 normal>) = 10.05
2020-02-20 21:15:21,163 [matplotlib.font_manager] [DEBUG] findfont: score(<Font 'Gillius ADF' (GilliusADF-Regular.otf) normal normal regular normal>) = 10.05
2020-02-20 21:15:21,163 [matplotlib.font_manager] [DEBUG] findfont: score(<Font 'Amiri' (amiri-slanted.ttf) italic normal 400 normal>) = 11.05
2020-02-20 21:15:21,164 [matplotlib.font_manager] [DEBUG] findfont: score(<Font 'Liberation Sans' (LiberationSans-BoldItalic.ttf) italic normal bold normal>) = 11.335
2020-02-20 21:15:21,164 [matplotlib.font_manager] [DEBUG] findfont: score(<Font 'Lato' (Lato-Heavy.ttf) normal normal heavy normal>) = 10.43
2020-02-20 21:15:21,164 [matplotlib.font_manager] [DEBUG] findfont: score(<Font 'STIXSizeThreeSym' (STIXSizeThreeSym-Regular.otf) normal normal regular normal>) = 10.05
2020-02-20 21:15:21,164 [matplotlib.font_manager] [DEBUG] findfont: score(<Font 'STIX Math' (STIXMath-Regular.otf) normal normal regular normal>) = 10.05
2020-02-20 21:15:21,164 [matplotlib.font_manager] [DEBUG] findfont: score(<Font 'STIXNonUnicode' (STIXNonUnicode-Italic.otf) italic normal 400 normal>) = 11.05
2020-02-20 21:15:21,164 [matplotlib.font_manager] [DEBUG] findfont: score(<Font 'Droid Serif' (DroidSerif-BoldItalic.ttf) italic normal bold normal>) = 11.335
2020-02-20 21:15:21,164 [matplotlib.font_manager] [DEBUG] findfont: score(<Font 'FreeSerif' (FreeSerifBoldItalic.ttf) italic normal bold normal>) = 11.335
2020-02-20 21:15:21,164 [matplotlib.font_manager] [DEBUG] findfont: score(<Font 'Gentium Book Basic' (GenBkBasI.ttf) italic normal book normal>) = 11.05
2020-02-20 21:15:21,164 [matplotlib.font_manager] [DEBUG] findfont: score(<Font 'STIXIntegralsUpSm' (STIXIntegralsUpSm-Bold.otf) normal normal bold normal>) = 10.335
2020-02-20 21:15:21,164 [matplotlib.font_manager] [DEBUG] findfont: score(<Font 'Linux Biolinum O' (LinBiolinum_R.otf) normal normal 400 normal>) = 10.05
2020-02-20 21:15:21,164 [matplotlib.font_manager] [DEBUG] findfont: score(<Font 'EB Garamond' (EBGaramond08-Regular.ttf) normal normal regular normal>) = 10.05
2020-02-20 21:15:21,164 [matplotlib.font_manager] [DEBUG] findfont: score(<Font 'Universalis ADF Cd Std' (UniversalisADFCdStd-Bold.otf) normal normal bold normal>) = 10.335
2020-02-20 21:15:21,164 [matplotlib.font_manager] [DEBUG] findfont: score(<Font 'EB Garamond' (EBGaramond08-Italic.ttf) italic normal 400 normal>) = 11.05
2020-02-20 21:15:21,164 [matplotlib.font_manager] [DEBUG] findfont: score(<Font 'STIX' (STIX-BoldItalic.otf) italic normal bold normal>) = 11.335
2020-02-20 21:15:21,164 [matplotlib.font_manager] [DEBUG] findfont: score(<Font 'GentiumAlt' (GenAI102.ttf) italic normal 400 normal>) = 11.05
2020-02-20 21:15:21,165 [matplotlib.font_manager] [DEBUG] findfont: score(<Font 'Cabin' (Cabin-BoldItalic.otf) italic normal bold normal>) = 11.335
2020-02-20 21:15:21,165 [matplotlib.font_manager] [DEBUG] findfont: score(<Font 'EB Garamond' (EBGaramond12-Regular.ttf) normal normal regular normal>) = 10.05
2020-02-20 21:15:21,165 [matplotlib.font_manager] [DEBUG] findfont: score(<Font 'Comfortaa' (Comfortaa-Bold.ttf) normal normal bold normal>) = 10.335
2020-02-20 21:15:21,165 [matplotlib.font_manager] [DEBUG] findfont: score(<Font 'GFS Olga' (GFSOlga.otf) normal normal 400 normal>) = 10.05
2020-02-20 21:15:21,165 [matplotlib.font_manager] [DEBUG] findfont: score(<Font 'Junicode' (Junicode.ttf) normal normal 400 normal>) = 10.05
2020-02-20 21:15:21,165 [matplotlib.font_manager] [DEBUG] findfont: score(<Font 'Universalis ADF Cd Std' (UniversalisADFCdStd-BdOblique.otf) oblique normal bold normal>) = 11.335
2020-02-20 21:15:21,165 [matplotlib.font_manager] [DEBUG] findfont: score(<Font 'STIXIntegralsUpD' (STIXIntegralsUpD-Regular.otf) normal normal regular normal>) = 10.05
2020-02-20 21:15:21,165 [matplotlib.font_manager] [DEBUG] findfont: score(<Font 'Accanthis ADF Std No2' (AccanthisADFStdNo2-Bold.otf) normal normal bold normal>) = 10.335
2020-02-20 21:15:21,165 [matplotlib.font_manager] [DEBUG] findfont: score(<Font 'STIX' (STIX-Italic.otf) italic normal 400 normal>) = 11.05
2020-02-20 21:15:21,165 [matplotlib.font_manager] [DEBUG] findfont: score(<Font 'FreeSans' (FreeSansBold.ttf) normal normal bold normal>) = 10.335
2020-02-20 21:15:21,165 [matplotlib.font_manager] [DEBUG] findfont: score(<Font 'Carlito' (Carlito-Regular.ttf) normal normal 400 normal>) = 10.05
2020-02-20 21:15:21,165 [matplotlib.font_manager] [DEBUG] findfont: score(<Font 'Droid Sans Ethiopic' (DroidSansEthiopic-Bold.ttf) normal normal bold normal>) = 10.335
2020-02-20 21:15:21,165 [matplotlib.font_manager] [DEBUG] findfont: score(<Font 'Lato' (Lato-Medium.ttf) normal normal medium normal>) = 10.145
2020-02-20 21:15:21,165 [matplotlib.font_manager] [DEBUG] findfont: score(<Font 'Lobster Two' (LobsterTwo-Italic.otf) italic normal 400 normal>) = 11.05
2020-02-20 21:15:21,165 [matplotlib.font_manager] [DEBUG] findfont: score(<Font 'GFS Solomos' (GFSSolomos.otf) normal normal regular normal>) = 10.05
2020-02-20 21:15:21,166 [matplotlib.font_manager] [DEBUG] findfont: score(<Font 'EB Garamond Initials' (EBGaramond-Initials.otf) normal normal 400 normal>) = 10.05
2020-02-20 21:15:21,166 [matplotlib.font_manager] [DEBUG] findfont: score(<Font 'GFS Didot' (GFSArtemisiaBoldIt.otf) italic normal bold normal>) = 11.335
2020-02-20 21:15:21,166 [matplotlib.font_manager] [DEBUG] findfont: score(<Font 'DejaVu Sans' (DejaVuSansCondensed-BoldOblique.ttf) oblique normal bold condensed>) = 1.535
2020-02-20 21:15:21,166 [matplotlib.font_manager] [DEBUG] findfont: score(<Font 'Gillius ADF Cd' (GilliusADFCd-Bold.otf) normal normal bold normal>) = 10.335
2020-02-20 21:15:21,166 [matplotlib.font_manager] [DEBUG] findfont: score(<Font 'Droid Sans Fallback' (DroidSansFallbackFull.ttf) normal normal 400 normal>) = 10.05
2020-02-20 21:15:21,166 [matplotlib.font_manager] [DEBUG] findfont: score(<Font 'Liberation Sans' (LiberationSans-Italic.ttf) italic normal 400 normal>) = 11.05
2020-02-20 21:15:21,166 [matplotlib.font_manager] [DEBUG] findfont: score(<Font 'GFS Didot Classic' (GFSDidotClassic.otf) normal normal regular normal>) = 10.05
2020-02-20 21:15:21,166 [matplotlib.font_manager] [DEBUG] findfont: score(<Font 'Carlito' (Carlito-BoldItalic.ttf) italic normal bold normal>) = 11.335
2020-02-20 21:15:21,166 [matplotlib.font_manager] [DEBUG] findfont: score(<Font 'GFS Neohellenic' (GFSNeohellenicIt.otf) italic normal 400 normal>) = 11.05
2020-02-20 21:15:21,166 [matplotlib.font_manager] [DEBUG] findfont: score(<Font 'FreeSerif' (FreeSerifBoldItalic.otf) italic normal bold normal>) = 11.335
2020-02-20 21:15:21,166 [matplotlib.font_manager] [DEBUG] findfont: score(<Font 'IPAGothic' (ipag.ttf) normal normal 400 normal>) = 10.05
2020-02-20 21:15:21,166 [matplotlib.font_manager] [DEBUG] findfont: score(<Font 'FreeMono' (FreeMonoBold.ttf) normal normal bold normal>) = 10.335
2020-02-20 21:15:21,166 [matplotlib.font_manager] [DEBUG] findfont: score(<Font 'Gillius ADF No2' (GilliusADFNo2-Bold.otf) normal normal bold normal>) = 10.335
2020-02-20 21:15:21,166 [matplotlib.font_manager] [DEBUG] findfont: score(<Font 'STIXIntegralsSm' (STIXIntegralsSm-Regular.otf) normal normal regular normal>) = 10.05
2020-02-20 21:15:21,166 [matplotlib.font_manager] [DEBUG] findfont: score(<Font 'Lobster Two' (LobsterTwo-BoldItalic.otf) italic normal bold normal>) = 11.335
2020-02-20 21:15:21,167 [matplotlib.font_manager] [DEBUG] findfont: score(<Font 'Droid Sans Japanese' (DroidSansJapanese.ttf) normal normal 400 normal>) = 10.05
2020-02-20 21:15:21,167 [matplotlib.font_manager] [DEBUG] findfont: score(<Font 'STIX' (STIX-Regular.otf) normal normal regular normal>) = 10.05
2020-02-20 21:15:21,167 [matplotlib.font_manager] [DEBUG] findfont: score(<Font 'EB Garamond' (EBGaramond12-Italic.otf) italic normal 400 normal>) = 11.05
2020-02-20 21:15:21,167 [matplotlib.font_manager] [DEBUG] findfont: score(<Font 'Droid Sans Arabic' (DroidSansArabic.ttf) normal normal 400 normal>) = 10.05
2020-02-20 21:15:21,167 [matplotlib.font_manager] [DEBUG] findfont: score(<Font 'FreeSerif' (FreeSerifBold.ttf) normal normal bold normal>) = 10.335
2020-02-20 21:15:21,167 [matplotlib.font_manager] [DEBUG] findfont: score(<Font 'GFS Artemisia' (GFSArtemisiaIt.otf) italic normal 400 normal>) = 11.05
2020-02-20 21:15:21,167 [matplotlib.font_manager] [DEBUG] findfont: score(<Font 'Caladea' (Caladea-Regular.ttf) normal normal 400 normal>) = 10.05
2020-02-20 21:15:21,167 [matplotlib.font_manager] [DEBUG] findfont: score(<Font 'Gentium Book Basic' (GenBkBasBI.ttf) italic normal book normal>) = 11.05
2020-02-20 21:15:21,167 [matplotlib.font_manager] [DEBUG] findfont: score(<Font 'FreeSans' (FreeSans.otf) normal normal 400 normal>) = 10.05
2020-02-20 21:15:21,167 [matplotlib.font_manager] [DEBUG] findfont: score(<Font 'Gentium Basic' (GenBasB.ttf) normal normal bold normal>) = 10.335
2020-02-20 21:15:21,167 [matplotlib.font_manager] [DEBUG] findfont: score(<Font 'FreeSans' (FreeSansBold.otf) normal normal bold normal>) = 10.335
2020-02-20 21:15:21,167 [matplotlib.font_manager] [DEBUG] findfont: score(<Font 'Accanthis ADF Std No2' (AccanthisADFStdNo2-BoldItalic.otf) italic normal bold normal>) = 11.335
2020-02-20 21:15:21,167 [matplotlib.font_manager] [DEBUG] findfont: score(<Font 'Gentium Book Basic' (GenBkBasB.ttf) normal normal book normal>) = 10.05
2020-02-20 21:15:21,167 [matplotlib.font_manager] [DEBUG] findfont: score(<Font 'STIXSizeThreeSym' (STIXSizeThreeSym-Bold.otf) normal normal bold normal>) = 10.335
2020-02-20 21:15:21,167 [matplotlib.font_manager] [DEBUG] findfont: score(<Font 'EB Garamond Initials Fill1' (EBGaramond-InitialsF1.otf) normal normal 400 normal>) = 10.05
2020-02-20 21:15:21,168 [matplotlib.font_manager] [DEBUG] findfont: score(<Font 'FreeMono' (FreeMonoBold.otf) normal normal bold normal>) = 10.335
2020-02-20 21:15:21,168 [matplotlib.font_manager] [DEBUG] findfont: score(<Font 'Accanthis ADF Std No3' (AccanthisADFStdNo3-Italic.otf) italic normal 400 normal>) = 11.05
2020-02-20 21:15:21,168 [matplotlib.font_manager] [DEBUG] findfont: score(<Font 'Linux Libertine O' (LinLibertine_RB.otf) normal normal bold normal>) = 10.335
2020-02-20 21:15:21,168 [matplotlib.font_manager] [DEBUG] findfont: score(<Font 'Gentium Basic' (GenBasI.ttf) italic normal 400 normal>) = 11.05
2020-02-20 21:15:21,168 [matplotlib.font_manager] [DEBUG] findfont: score(<Font 'Liberation Sans Narrow' (LiberationSansNarrow-BoldItalic.ttf) italic normal bold condensed>) = 11.535
2020-02-20 21:15:21,168 [matplotlib.font_manager] [DEBUG] findfont: score(<Font 'FontAwesome' (fontawesome-webfont.ttf) normal normal regular normal>) = 10.05
2020-02-20 21:15:21,168 [matplotlib.font_manager] [DEBUG] findfont: score(<Font 'Gillius ADF' (GilliusADF-Italic.otf) italic normal 400 normal>) = 11.05
2020-02-20 21:15:21,168 [matplotlib.font_manager] [DEBUG] findfont: score(<Font 'Liberation Mono' (LiberationMono-Regular.ttf) normal normal 400 normal>) = 10.05
2020-02-20 21:15:21,168 [matplotlib.font_manager] [DEBUG] findfont: score(<Font 'STIXNonUnicode' (STIXNonUnicode-Bold.otf) normal normal bold normal>) = 10.335
2020-02-20 21:15:21,168 [matplotlib.font_manager] [DEBUG] findfont: score(<Font 'STIXGeneral' (STIXGeneral-Regular.otf) normal normal regular normal>) = 10.05
2020-02-20 21:15:21,168 [matplotlib.font_manager] [DEBUG] findfont: score(<Font 'Lato' (Lato-Bold.ttf) normal normal bold normal>) = 10.335
2020-02-20 21:15:21,168 [matplotlib.font_manager] [DEBUG] findfont: score(<Font 'Universalis ADF Std' (UniversalisADFStd-Regular.otf) normal normal 400 normal>) = 10.05
2020-02-20 21:15:21,168 [matplotlib.font_manager] [DEBUG] findfont: score(<Font 'FreeSans' (FreeSans.ttf) normal normal 400 normal>) = 10.05
2020-02-20 21:15:21,168 [matplotlib.font_manager] [DEBUG] findfont: score(<Font 'IPAexGothic' (ipaexg.ttf) normal normal 400 normal>) = 10.05
2020-02-20 21:15:21,168 [matplotlib.font_manager] [DEBUG] findfont: score(<Font 'FreeSans' (FreeSansOblique.otf) oblique normal 400 normal>) = 11.05
2020-02-20 21:15:21,169 [matplotlib.font_manager] [DEBUG] findfont: score(<Font 'Droid Arabic Kufi' (DroidKufi-Regular.ttf) normal normal 400 normal>) = 10.05
2020-02-20 21:15:21,169 [matplotlib.font_manager] [DEBUG] findfont: score(<Font 'Gillius ADF Cd' (GilliusADFCd-Italic.otf) italic normal 400 normal>) = 11.05
2020-02-20 21:15:21,169 [matplotlib.font_manager] [DEBUG] findfont: score(<Font 'Accanthis ADF Std No2' (AccanthisADFStdNo2-Regular.otf) normal normal 400 normal>) = 10.05
2020-02-20 21:15:21,169 [matplotlib.font_manager] [DEBUG] findfont: score(<Font 'Accanthis ADF Std' (AccanthisADFStd-Regular.otf) normal normal 400 normal>) = 10.05
2020-02-20 21:15:21,169 [matplotlib.font_manager] [DEBUG] findfont: score(<Font 'Droid Sans Georgian' (DroidSansGeorgian.ttf) normal normal 400 normal>) = 10.05
2020-02-20 21:15:21,169 [matplotlib.font_manager] [DEBUG] findfont: score(<Font 'FreeMono' (FreeMonoOblique.otf) oblique normal 400 normal>) = 11.05
2020-02-20 21:15:21,169 [matplotlib.font_manager] [DEBUG] findfont: score(<Font 'Carlito' (Carlito-Bold.ttf) normal normal bold normal>) = 10.335
2020-02-20 21:15:21,169 [matplotlib.font_manager] [DEBUG] findfont: score(<Font 'STIXNonUnicode' (STIXNonUnicode-BoldItalic.otf) italic normal bold normal>) = 11.335
2020-02-20 21:15:21,169 [matplotlib.font_manager] [DEBUG] findfont: score(<Font 'FreeSans' (FreeSansOblique.ttf) oblique normal 400 normal>) = 11.05
2020-02-20 21:15:21,169 [matplotlib.font_manager] [DEBUG] findfont: score(<Font 'Universalis ADF Std' (UniversalisADFStd-Oblique.otf) oblique normal 400 normal>) = 11.05
2020-02-20 21:15:21,169 [matplotlib.font_manager] [DEBUG] findfont: score(<Font 'GFS Gazis' (GFSGazis.otf) normal normal regular normal>) = 10.05
2020-02-20 21:15:21,169 [matplotlib.font_manager] [DEBUG] findfont: score(<Font 'EB Garamond' (EBGaramond12-Italic.ttf) italic normal 400 normal>) = 11.05
2020-02-20 21:15:21,169 [matplotlib.font_manager] [DEBUG] findfont: score(<Font 'Droid Sans Hebrew' (DroidSansHebrew-Bold.ttf) normal normal bold normal>) = 10.335
2020-02-20 21:15:21,169 [matplotlib.font_manager] [DEBUG] findfont: score(<Font 'Accanthis ADF Std' (AccanthisADFStd-Italic.otf) italic normal 400 normal>) = 11.05
2020-02-20 21:15:21,169 [matplotlib.font_manager] [DEBUG] findfont: score(<Font 'Lobster Two' (LobsterTwo-Regular.otf) normal normal 400 normal>) = 10.05
2020-02-20 21:15:21,170 [matplotlib.font_manager] [DEBUG] findfont: score(<Font 'Gillius ADF No2 Cd' (GilliusADFNo2Cd-Italic.otf) italic normal 400 normal>) = 11.05
2020-02-20 21:15:21,170 [matplotlib.font_manager] [DEBUG] findfont: score(<Font 'Lato' (Lato-LightItalic.ttf) italic normal light normal>) = 11.24
2020-02-20 21:15:21,170 [matplotlib.font_manager] [DEBUG] findfont: score(<Font 'EB Garamond Initials Fill2' (EBGaramond-InitialsF2.otf) normal normal 400 normal>) = 10.05
2020-02-20 21:15:21,170 [matplotlib.font_manager] [DEBUG] findfont: score(<Font 'Gillius ADF Cd' (GilliusADFCd-Regular.otf) normal normal regular normal>) = 10.05
2020-02-20 21:15:21,170 [matplotlib.font_manager] [DEBUG] findfont: score(<Font 'EB Garamond' (EBGaramond08-Italic.otf) italic normal 400 normal>) = 11.05
2020-02-20 21:15:21,170 [matplotlib.font_manager] [DEBUG] findfont: score(<Font 'Liberation Sans' (LiberationSans-Bold.ttf) normal normal bold normal>) = 10.335
2020-02-20 21:15:21,170 [matplotlib.font_manager] [DEBUG] findfont: score(<Font 'DejaVu Serif' (DejaVuSerifCondensed-BoldItalic.ttf) italic normal bold condensed>) = 11.535
2020-02-20 21:15:21,170 [matplotlib.font_manager] [DEBUG] findfont: score(<Font 'Accanthis ADF Std No3' (AccanthisADFStdNo3-Regular.otf) normal normal 400 normal>) = 10.05
2020-02-20 21:15:21,170 [matplotlib.font_manager] [DEBUG] findfont: score(<Font 'GFS Theokritos' (GFSTheokritos.otf) normal normal regular normal>) = 10.05
2020-02-20 21:15:21,170 [matplotlib.font_manager] [DEBUG] findfont: score(<Font 'Carlito' (Carlito-Italic.ttf) italic normal 400 normal>) = 11.05
2020-02-20 21:15:21,170 [matplotlib.font_manager] [DEBUG] findfont: score(<Font 'FreeMono' (FreeMono.ttf) normal normal 400 normal>) = 10.05
2020-02-20 21:15:21,170 [matplotlib.font_manager] [DEBUG] findfont: score(<Font 'Gillius ADF Cd' (GilliusADFCd-BoldItalic.otf) italic normal bold normal>) = 11.335
2020-02-20 21:15:21,170 [matplotlib.font_manager] [DEBUG] findfont: Matching :family=sans-serif:style=normal:variant=normal:weight=normal:stretch=normal:size=10.0 to DejaVu Sans ('/mnt/home/luntzel/.local/lib/python3.7/site-packages/matplotlib/mpl-data/fonts/ttf/DejaVuSans.ttf') with score of 0.050000.
